<?xml version="1.0" encoding="UTF-8"?>
<testng-results skipped="0" failed="0" total="1" passed="1">
  <reporter-output>
  </reporter-output>
  <suite name="Tests" duration-ms="7759" started-at="2015-08-29T16:22:28Z" finished-at="2015-08-29T16:22:36Z">
    <groups>
    </groups>
    <test name="Test1" duration-ms="7759" started-at="2015-08-29T16:22:28Z" finished-at="2015-08-29T16:22:36Z">
      <class name="SA.LoginTest">
        <test-method status="PASS" signature="init()[pri:0, instance:SA.LoginTest@2f74a57e]" name="init" is-config="true" duration-ms="6409" started-at="2015-08-29T19:22:28Z" finished-at="2015-08-29T19:22:34Z">
          <reporter-output>
          </reporter-output>
        </test-method> <!-- init -->
        <test-method status="PASS" signature="testUntitled()[pri:0, instance:SA.LoginTest@2f74a57e]" name="testUntitled" duration-ms="1340" started-at="2015-08-29T19:22:34Z" finished-at="2015-08-29T19:22:36Z">
          <reporter-output>
          </reporter-output>
        </test-method> <!-- testUntitled -->
        <test-method status="PASS" signature="tearDown()[pri:0, instance:SA.LoginTest@2f74a57e]" name="tearDown" is-config="true" duration-ms="598" started-at="2015-08-29T19:22:36Z" finished-at="2015-08-29T19:22:36Z">
          <reporter-output>
          </reporter-output>
        </test-method> <!-- tearDown -->
      </class> <!-- SA.LoginTest -->
    </test> <!-- Test1 -->
  </suite> <!-- Tests -->
</testng-results>
