<?xml version="1.0" encoding="UTF-8"?>
<testng-results skipped="0" failed="0" total="1" passed="1">
  <reporter-output>
  </reporter-output>
  <suite name="Default suite" duration-ms="8796" started-at="2015-09-11T09:17:18Z" finished-at="2015-09-11T09:17:27Z">
    <groups>
    </groups>
    <test name="Default test" duration-ms="8796" started-at="2015-09-11T09:17:18Z" finished-at="2015-09-11T09:17:27Z">
      <class name="SA.AddValidAndRemoveFilmTest">
        <test-method status="PASS" signature="init()[pri:0, instance:SA.AddValidAndRemoveFilmTest@44319bc6]" name="init" is-config="true" duration-ms="5478" started-at="2015-09-11T12:17:18Z" finished-at="2015-09-11T12:17:24Z">
          <reporter-output>
          </reporter-output>
        </test-method> <!-- init -->
        <test-method status="PASS" signature="testAddValidAndRemoveFilm()[pri:0, instance:SA.AddValidAndRemoveFilmTest@44319bc6]" name="testAddValidAndRemoveFilm" duration-ms="3306" started-at="2015-09-11T12:17:24Z" finished-at="2015-09-11T12:17:27Z">
          <reporter-output>
          </reporter-output>
        </test-method> <!-- testAddValidAndRemoveFilm -->
        <test-method status="PASS" signature="tearDown()[pri:0, instance:SA.AddValidAndRemoveFilmTest@44319bc6]" name="tearDown" is-config="true" duration-ms="533" started-at="2015-09-11T12:17:27Z" finished-at="2015-09-11T12:17:28Z">
          <reporter-output>
          </reporter-output>
        </test-method> <!-- tearDown -->
      </class> <!-- SA.AddValidAndRemoveFilmTest -->
    </test> <!-- Default test -->
  </suite> <!-- Default suite -->
</testng-results>
